make all --print-data-base --no-builtin-variables --no-builtin-rules --question
# GNU Make 4.3
# Built for x86_64-pc-linux-gnu
# Copyright (C) 1988-2020 Free Software Foundation, Inc.
# License GPLv3+: GNU GPL version 3 or later <http://gnu.org/licenses/gpl.html>
# This is free software: you are free to change and redistribute it.
# There is NO WARRANTY, to the extent permitted by law.

# Make data base, printed on Thu Jul 21 02:24:40 2022

# Variables

# makefile (from 'Makefile', line 15)
OBJ = $(patsubst $(SRC_FOLDER)%.cpp, $(OBJ_FOLDER)%.o, $(SRC))
# environment
GDK_BACKEND = x11
# environment
LC_ALL = C
# makefile (from 'Makefile', line 14)
SRC = $(wildcard $(SRC_FOLDER)*.cpp)
# environment
GNOME_SHELL_SESSION_MODE = ubuntu
# environment
SSH_AGENT_LAUNCHER = gnome-keyring
# environment
GJS_DEBUG_OUTPUT = stderr
# environment
MANDATORY_PATH = /usr/share/gconf/ubuntu-xorg.mandatory.path
# environment
VSCODE_CWD = /home/gabrielmmf
# environment
WINDOWPATH = 2
# default
MAKE_COMMAND := make
# environment
GTK3_MODULES = xapp-gtk3-module
# environment
QT_ACCESSIBILITY = 1
# automatic
@D = $(patsubst %/,%,$(dir $@))
# environment
VSCODE_HANDLES_UNCAUGHT_ERRORS = true
# default
.VARIABLES := 
# environment
PWD = /home/gabrielmmf/CC/2022-1/Organização de Computadores I/TP3
# automatic
%D = $(patsubst %/,%,$(dir $%))
# environment
LSCOLORS = Gxfxcxdxbxegedabagacad
# environment
XDG_DATA_DIRS = /usr/share/ubuntu-xorg:/usr/share/gnome:/home/gabrielmmf/.local/share/flatpak/exports/share:/var/lib/flatpak/exports/share:/usr/local/share/:/usr/share/
# environment
OLDPWD = /home/gabrielmmf
# automatic
^D = $(patsubst %/,%,$(dir $^))
# automatic
%F = $(notdir $%)
# environment
VSCODE_CODE_CACHE_PATH = /home/gabrielmmf/.config/Code/CachedData/b06ae3b2d2dbfe28bca3134cc6be65935cdfea6a
# environment
LANG = C
# environment
XAUTHORITY = /run/user/1000/gdm/Xauthority
# default
.LOADED := 
# default
.INCLUDE_DIRS = /usr/local/include /usr/include /usr/include
# makefile
MAKEFLAGS = pqrR
# makefile
CURDIR := /home/gabrielmmf/CC/2022-1/Organização de Computadores I/TP3
# environment
APPLICATION_INSIGHTS_NO_DIAGNOSTIC_CHANNEL = 1
# automatic
*D = $(patsubst %/,%,$(dir $*))
# environment
MFLAGS = -pqrR
# environment
SSH_AUTH_SOCK = /run/user/1000/keyring/ssh
# default
.SHELLFLAGS := -c
# environment
XDG_CONFIG_DIRS = /etc/xdg/xdg-ubuntu-xorg:/etc/xdg
# automatic
+D = $(patsubst %/,%,$(dir $+))
# environment
XDG_SESSION_DESKTOP = ubuntu-xorg
# makefile (from 'Makefile', line 1)
MAKEFILE_LIST := Makefile
# automatic
@F = $(notdir $@)
# environment
ZSH = /home/gabrielmmf/.oh-my-zsh
# environment
VSCODE_PID = 29224
# environment
XDG_SESSION_TYPE = x11
# automatic
?D = $(patsubst %/,%,$(dir $?))
# makefile (from 'Makefile', line 8)
OBJ_FOLDER = ./obj/
# environment
SESSION_MANAGER = local/gabriel-ideapad-3:@/tmp/.ICE-unix/1782,unix/gabriel-ideapad-3:/tmp/.ICE-unix/1782
# automatic
*F = $(notdir $*)
# environment
CHROME_DESKTOP = code-url-handler.desktop
# environment
DBUS_SESSION_BUS_ADDRESS = unix:path=/run/user/1000/bus
# automatic
<D = $(patsubst %/,%,$(dir $<))
# environment
VSCODE_NLS_CONFIG = {"locale":"pt-br","availableLanguages":{},"_languagePackSupport":true}
# default
MAKE_HOST := x86_64-pc-linux-gnu
# environment
GNOME_DESKTOP_SESSION_ID = this-is-deprecated
# makefile
SHELL = /bin/sh
# default
MAKECMDGOALS := all
# environment
XMODIFIERS = @im=ibus
# makefile (from 'Makefile', line 9)
SRC_FOLDER = ./src/
# environment
GJS_DEBUG_TOPICS = JS ERROR;JS LOG
# environment
SHLVL = 0
# environment
MAKELEVEL := 0
# default
MAKE = $(MAKE_COMMAND)
# environment
PATH = /home/gabrielmmf/anaconda3/bin:/home/gabrielmmf/.local/bin:/usr/local/sbin:/usr/local/bin:/usr/sbin:/usr/bin:/sbin:/bin:/usr/games:/usr/local/games:/snap/bin:/home/gabrielmmf/.fzf/bin
# default
MAKEFILES := 
# environment
LANGUAGE = pt_BR:pt:en
# automatic
^F = $(notdir $^)
# makefile (from 'Makefile', line 12)
MAIN = Main
# environment
INVOCATION_ID = f898889231724bfaba587e23aa2023da
# environment
USERNAME = gabrielmmf
# automatic
?F = $(notdir $?)
# environment
XDG_CURRENT_DESKTOP = Unity
# environment
LS_COLORS = 
# automatic
+F = $(notdir $+)
# environment
LESS = -R
# environment
DESKTOP_SESSION = ubuntu-xorg
# environment
ORIGINAL_XDG_CURRENT_DESKTOP = ubuntu:GNOME
# 'override' directive
GNUMAKEFLAGS := 
# environment
LOGNAME = gabrielmmf
# makefile (from 'Makefile', line 7)
BIN_FOLDER = ./
# environment
GIO_LAUNCHED_DESKTOP_FILE = /usr/share/applications/code.desktop
# makefile
.DEFAULT_GOAL := all
# environment
SYSTEMD_EXEC_PID = 1801
# environment
DISPLAY = :0
# environment
USER = gabrielmmf
# environment
GTK_MODULES = gail:atk-bridge
# environment
DEFAULTS_PATH = /usr/share/gconf/ubuntu-xorg.default.path
# default
MAKE_VERSION := 4.3
# environment
MANAGERPID = 1457
# environment
GIO_LAUNCHED_DESKTOP_FILE_PID = 29224
# environment
PAGER = less
# environment
_ = /usr/share/code/code
# environment
XDG_RUNTIME_DIR = /run/user/1000
# environment
GPG_AGENT_INFO = /run/user/1000/gnupg/S.gpg-agent:0:1
# environment
JOURNAL_STREAM = 8:38014
# environment
XDG_SESSION_CLASS = user
# environment
VSCODE_AMD_ENTRYPOINT = vs/workbench/api/node/extensionHostProcess
# environment
HOME = /home/gabrielmmf
# environment
QT_IM_MODULE = ibus
# environment
ELECTRON_RUN_AS_NODE = 1
# environment
VSCODE_IPC_HOOK = /run/user/1000/vscode-e7323ea7-1.69.1-main.sock
# default
.RECIPEPREFIX := 
# automatic
<F = $(notdir $<)
# default
SUFFIXES := 
# makefile (from 'Makefile', line 13)
TARGET = simulador
# makefile (from 'Makefile', line 2)
CXXFLAGS = -std=c++11 -g -Wall
# makefile (from 'Makefile', line 6)
INCLUDE_FOLDER = ./include/
# default
.FEATURES := target-specific order-only second-expansion else-if shortest-stem undefine oneshell nocomment grouped-target extra-prereqs archives jobserver output-sync check-symlink load
# makefile (from 'Makefile', line 1)
CC = g++
# environment
XDG_MENU_PREFIX = gnome-
# environment
GDMSESSION = ubuntu-xorg
# variable set hash-table stats:
# Load=109/1024=11%, Rehash=0, Collisions=7/158=4%

# Pattern-specific Variable Values

# No pattern-specific variable values.

# Directories

# src (device 66311, inode 1573134): 4 files, no impossibilities.
# . (device 66311, inode 1572865): 15 files, no impossibilities.
# ./src (device 66311, inode 1573134): 4 files, no impossibilities.

# 23 files, no impossibilities in 3 directories.

# Implicit Rules

obj/%.o: src/%.cpp
#  recipe to execute (from 'Makefile', line 18):
	$(CC) $(CXXFLAGS) -c $< -o $@ -I$(INCLUDE_FOLDER)

# 1 implicit rules, 0 (0.0%) terminal.
# Files

obj/Memory.o: src/Memory.cpp
#  Implicit rule search has been done.
#  Implicit/static pattern stem: 'Memory'
#  Last modified 2022-07-21 02:07:32.392430397
#  File has been updated.
#  Successfully updated.
#  recipe to execute (from 'Makefile', line 18):
	$(CC) $(CXXFLAGS) -c $< -o $@ -I$(INCLUDE_FOLDER)

# Not a target:
src/simulador.cpp:
#  Implicit rule search has been done.
#  Last modified 2022-07-20 23:10:03.608294233
#  File has been updated.
#  Successfully updated.

# Not a target:
Makefile:
#  Implicit rule search has been done.
#  Last modified 2022-07-20 23:18:23.516807395
#  File has been updated.
#  Successfully updated.

clean:
#  Implicit rule search has not been done.
#  Modification time never checked.
#  File has not been updated.
#  recipe to execute (from 'Makefile', line 27):
 
	@rm -rf $(OBJ_FOLDER)* $(BIN_FOLDER)$(TARGET) gen.out

# Not a target:
.DEFAULT:
#  Implicit rule search has not been done.
#  Modification time never checked.
#  File has not been updated.

all: obj/Memory.o obj/simulador.o
#  Command line target.
#  Implicit rule search has not been done.
#  Implicit/static pattern stem: ''
#  File does not exist.
#  File has been updated.
#  Needs to be updated (-q is set).
# automatic
# @ := all
# automatic
# * := 
# automatic
# < := obj/Memory.o
# automatic
# + := obj/Memory.o obj/simulador.o
# automatic
# % := 
# automatic
# ^ := obj/Memory.o obj/simulador.o
# automatic
# ? := obj/Memory.o obj/simulador.o
# automatic
# | := 
# variable set hash-table stats:
# Load=8/32=25%, Rehash=0, Collisions=2/20=10%
#  recipe to execute (from 'Makefile', line 21):
	$(CC) $(CXXFLAGS) -o $(BIN_FOLDER)$(TARGET) $(OBJ)

# Not a target:
src/Memory.cpp:
#  Implicit rule search has been done.
#  Last modified 2022-07-20 23:10:06.120282164
#  File has been updated.
#  Successfully updated.

gen:
#  Implicit rule search has not been done.
#  Modification time never checked.
#  File has not been updated.
#  recipe to execute (from 'Makefile', line 24):
	@g++ gen.cpp -o gen.out

# Not a target:
.SUFFIXES:
#  Implicit rule search has not been done.
#  Modification time never checked.
#  File has not been updated.

obj/simulador.o: src/simulador.cpp
#  Implicit rule search has been done.
#  Implicit/static pattern stem: 'simulador'
#  Last modified 2022-07-21 02:07:32.759358479
#  File has been updated.
#  Successfully updated.
#  recipe to execute (from 'Makefile', line 18):
	$(CC) $(CXXFLAGS) -c $< -o $@ -I$(INCLUDE_FOLDER)

# files hash-table stats:
# Load=10/1024=1%, Rehash=0, Collisions=2/30=7%
# VPATH Search Paths

# No 'vpath' search paths.

# No general ('VPATH' variable) search path.

# strcache buffers: 1 (0) / strings = 32 / storage = 289 B / avg = 9 B
# current buf: size = 8162 B / used = 289 B / count = 32 / avg = 9 B

# strcache performance: lookups = 47 / hit rate = 31%
# hash-table stats:
# Load=32/8192=0%, Rehash=0, Collisions=0/47=0%
# Finished Make data base on Thu Jul 21 02:24:40 2022

 
